<?xml version="1.0" encoding="UTF-8"?>
<testsuite xmlns:xsi="http://www.w3.org/2001/XMLSchema-instance" xsi:noNamespaceSchemaLocation="https://maven.apache.org/surefire/maven-surefire-plugin/xsd/surefire-test-report.xsd" name="com.example.weatherapp.e2e.WeatherApiE2EETest" time="1.038" tests="1" errors="0" skipped="0" failures="0">
  <properties>
    <property name="java.specification.version" value="17"/>
    <property name="sun.jnu.encoding" value="UTF-8"/>
    <property name="java.class.path" value="/Users/kevin/Documents/Repos/github-copilot-training/apps/angular-springboot/backend/target/test-classes:/Users/kevin/Documents/Repos/github-copilot-training/apps/angular-springboot/backend/target/classes:/Users/kevin/.m2/repository/org/springframework/boot/spring-boot-starter-web/2.5.15/spring-boot-starter-web-2.5.15.jar:/Users/kevin/.m2/repository/org/springframework/boot/spring-boot-starter/2.5.15/spring-boot-starter-2.5.15.jar:/Users/kevin/.m2/repository/org/springframework/boot/spring-boot-starter-logging/2.5.15/spring-boot-starter-logging-2.5.15.jar:/Users/kevin/.m2/repository/org/apache/logging/log4j/log4j-to-slf4j/2.17.2/log4j-to-slf4j-2.17.2.jar:/Users/kevin/.m2/repository/org/apache/logging/log4j/log4j-api/2.17.2/log4j-api-2.17.2.jar:/Users/kevin/.m2/repository/org/slf4j/jul-to-slf4j/1.7.36/jul-to-slf4j-1.7.36.jar:/Users/kevin/.m2/repository/jakarta/annotation/jakarta.annotation-api/1.3.5/jakarta.annotation-api-1.3.5.jar:/Users/kevin/.m2/repository/org/yaml/snakeyaml/1.28/snakeyaml-1.28.jar:/Users/kevin/.m2/repository/org/springframework/boot/spring-boot-starter-json/2.5.15/spring-boot-starter-json-2.5.15.jar:/Users/kevin/.m2/repository/com/fasterxml/jackson/datatype/jackson-datatype-jdk8/2.12.7/jackson-datatype-jdk8-2.12.7.jar:/Users/kevin/.m2/repository/com/fasterxml/jackson/datatype/jackson-datatype-jsr310/2.12.7/jackson-datatype-jsr310-2.12.7.jar:/Users/kevin/.m2/repository/com/fasterxml/jackson/module/jackson-module-parameter-names/2.12.7/jackson-module-parameter-names-2.12.7.jar:/Users/kevin/.m2/repository/org/springframework/boot/spring-boot-starter-tomcat/2.5.15/spring-boot-starter-tomcat-2.5.15.jar:/Users/kevin/.m2/repository/org/apache/tomcat/embed/tomcat-embed-core/9.0.75/tomcat-embed-core-9.0.75.jar:/Users/kevin/.m2/repository/org/apache/tomcat/embed/tomcat-embed-websocket/9.0.75/tomcat-embed-websocket-9.0.75.jar:/Users/kevin/.m2/repository/org/springframework/spring-web/5.3.27/spring-web-5.3.27.jar:/Users/kevin/.m2/repository/org/springframework/spring-beans/5.3.27/spring-beans-5.3.27.jar:/Users/kevin/.m2/repository/org/springframework/spring-webmvc/5.3.27/spring-webmvc-5.3.27.jar:/Users/kevin/.m2/repository/org/springframework/spring-aop/5.3.27/spring-aop-5.3.27.jar:/Users/kevin/.m2/repository/org/springframework/spring-context/5.3.27/spring-context-5.3.27.jar:/Users/kevin/.m2/repository/org/springframework/spring-expression/5.3.27/spring-expression-5.3.27.jar:/Users/kevin/.m2/repository/org/springframework/boot/spring-boot-starter-validation/2.5.15/spring-boot-starter-validation-2.5.15.jar:/Users/kevin/.m2/repository/org/apache/tomcat/embed/tomcat-embed-el/9.0.75/tomcat-embed-el-9.0.75.jar:/Users/kevin/.m2/repository/org/hibernate/validator/hibernate-validator/6.2.5.Final/hibernate-validator-6.2.5.Final.jar:/Users/kevin/.m2/repository/jakarta/validation/jakarta.validation-api/2.0.2/jakarta.validation-api-2.0.2.jar:/Users/kevin/.m2/repository/org/jboss/logging/jboss-logging/3.4.3.Final/jboss-logging-3.4.3.Final.jar:/Users/kevin/.m2/repository/com/fasterxml/classmate/1.5.1/classmate-1.5.1.jar:/Users/kevin/.m2/repository/com/fasterxml/jackson/core/jackson-databind/2.12.7.1/jackson-databind-2.12.7.1.jar:/Users/kevin/.m2/repository/com/fasterxml/jackson/core/jackson-annotations/2.12.7/jackson-annotations-2.12.7.jar:/Users/kevin/.m2/repository/com/fasterxml/jackson/core/jackson-core/2.12.7/jackson-core-2.12.7.jar:/Users/kevin/.m2/repository/org/springframework/boot/spring-boot-starter-test/2.5.15/spring-boot-starter-test-2.5.15.jar:/Users/kevin/.m2/repository/org/springframework/boot/spring-boot-test/2.5.15/spring-boot-test-2.5.15.jar:/Users/kevin/.m2/repository/org/springframework/boot/spring-boot-test-autoconfigure/2.5.15/spring-boot-test-autoconfigure-2.5.15.jar:/Users/kevin/.m2/repository/com/jayway/jsonpath/json-path/2.5.0/json-path-2.5.0.jar:/Users/kevin/.m2/repository/net/minidev/json-smart/2.4.10/json-smart-2.4.10.jar:/Users/kevin/.m2/repository/net/minidev/accessors-smart/2.4.9/accessors-smart-2.4.9.jar:/Users/kevin/.m2/repository/org/ow2/asm/asm/9.3/asm-9.3.jar:/Users/kevin/.m2/repository/org/slf4j/slf4j-api/1.7.36/slf4j-api-1.7.36.jar:/Users/kevin/.m2/repository/jakarta/xml/bind/jakarta.xml.bind-api/2.3.3/jakarta.xml.bind-api-2.3.3.jar:/Users/kevin/.m2/repository/jakarta/activation/jakarta.activation-api/1.2.2/jakarta.activation-api-1.2.2.jar:/Users/kevin/.m2/repository/org/assertj/assertj-core/3.19.0/assertj-core-3.19.0.jar:/Users/kevin/.m2/repository/org/hamcrest/hamcrest/2.2/hamcrest-2.2.jar:/Users/kevin/.m2/repository/org/junit/jupiter/junit-jupiter/5.7.2/junit-jupiter-5.7.2.jar:/Users/kevin/.m2/repository/org/junit/jupiter/junit-jupiter-params/5.7.2/junit-jupiter-params-5.7.2.jar:/Users/kevin/.m2/repository/org/mockito/mockito-core/3.9.0/mockito-core-3.9.0.jar:/Users/kevin/.m2/repository/net/bytebuddy/byte-buddy/1.10.22/byte-buddy-1.10.22.jar:/Users/kevin/.m2/repository/net/bytebuddy/byte-buddy-agent/1.10.22/byte-buddy-agent-1.10.22.jar:/Users/kevin/.m2/repository/org/objenesis/objenesis/3.2/objenesis-3.2.jar:/Users/kevin/.m2/repository/org/mockito/mockito-junit-jupiter/3.9.0/mockito-junit-jupiter-3.9.0.jar:/Users/kevin/.m2/repository/org/skyscreamer/jsonassert/1.5.1/jsonassert-1.5.1.jar:/Users/kevin/.m2/repository/com/vaadin/external/google/android-json/0.0.20131108.vaadin1/android-json-0.0.20131108.vaadin1.jar:/Users/kevin/.m2/repository/org/springframework/spring-core/5.3.27/spring-core-5.3.27.jar:/Users/kevin/.m2/repository/org/springframework/spring-jcl/5.3.27/spring-jcl-5.3.27.jar:/Users/kevin/.m2/repository/org/springframework/spring-test/5.3.27/spring-test-5.3.27.jar:/Users/kevin/.m2/repository/org/xmlunit/xmlunit-core/2.8.4/xmlunit-core-2.8.4.jar:/Users/kevin/.m2/repository/org/springdoc/springdoc-openapi-ui/1.7.0/springdoc-openapi-ui-1.7.0.jar:/Users/kevin/.m2/repository/org/springdoc/springdoc-openapi-webmvc-core/1.7.0/springdoc-openapi-webmvc-core-1.7.0.jar:/Users/kevin/.m2/repository/org/springdoc/springdoc-openapi-common/1.7.0/springdoc-openapi-common-1.7.0.jar:/Users/kevin/.m2/repository/io/swagger/core/v3/swagger-core/2.2.9/swagger-core-2.2.9.jar:/Users/kevin/.m2/repository/com/fasterxml/jackson/dataformat/jackson-dataformat-yaml/2.12.7/jackson-dataformat-yaml-2.12.7.jar:/Users/kevin/.m2/repository/io/swagger/core/v3/swagger-annotations/2.2.9/swagger-annotations-2.2.9.jar:/Users/kevin/.m2/repository/io/swagger/core/v3/swagger-models/2.2.9/swagger-models-2.2.9.jar:/Users/kevin/.m2/repository/org/webjars/swagger-ui/4.18.2/swagger-ui-4.18.2.jar:/Users/kevin/.m2/repository/org/springframework/boot/spring-boot-devtools/2.5.15/spring-boot-devtools-2.5.15.jar:/Users/kevin/.m2/repository/org/springframework/boot/spring-boot/2.5.15/spring-boot-2.5.15.jar:/Users/kevin/.m2/repository/org/springframework/boot/spring-boot-autoconfigure/2.5.15/spring-boot-autoconfigure-2.5.15.jar:/Users/kevin/.m2/repository/io/rest-assured/rest-assured/4.5.1/rest-assured-4.5.1.jar:/Users/kevin/.m2/repository/org/codehaus/groovy/groovy/3.0.17/groovy-3.0.17.jar:/Users/kevin/.m2/repository/org/codehaus/groovy/groovy-xml/3.0.17/groovy-xml-3.0.17.jar:/Users/kevin/.m2/repository/org/apache/httpcomponents/httpclient/4.5.14/httpclient-4.5.14.jar:/Users/kevin/.m2/repository/org/apache/httpcomponents/httpcore/4.4.16/httpcore-4.4.16.jar:/Users/kevin/.m2/repository/commons-codec/commons-codec/1.15/commons-codec-1.15.jar:/Users/kevin/.m2/repository/org/apache/httpcomponents/httpmime/4.5.14/httpmime-4.5.14.jar:/Users/kevin/.m2/repository/org/ccil/cowan/tagsoup/tagsoup/1.2.1/tagsoup-1.2.1.jar:/Users/kevin/.m2/repository/io/rest-assured/json-path/4.3.3/json-path-4.3.3.jar:/Users/kevin/.m2/repository/org/codehaus/groovy/groovy-json/3.0.17/groovy-json-3.0.17.jar:/Users/kevin/.m2/repository/io/rest-assured/rest-assured-common/4.3.3/rest-assured-common-4.3.3.jar:/Users/kevin/.m2/repository/io/rest-assured/xml-path/4.3.3/xml-path-4.3.3.jar:/Users/kevin/.m2/repository/org/apache/commons/commons-lang3/3.12.0/commons-lang3-3.12.0.jar:/Users/kevin/.m2/repository/com/sun/xml/bind/jaxb-impl/2.3.3/jaxb-impl-2.3.3.jar:/Users/kevin/.m2/repository/com/intuit/karate/karate-junit5/1.4.1/karate-junit5-1.4.1.jar:/Users/kevin/.m2/repository/com/intuit/karate/karate-core/1.4.1/karate-core-1.4.1.jar:/Users/kevin/.m2/repository/org/graalvm/js/js-scriptengine/22.3.3/js-scriptengine-22.3.3.jar:/Users/kevin/.m2/repository/org/graalvm/sdk/graal-sdk/22.3.3/graal-sdk-22.3.3.jar:/Users/kevin/.m2/repository/org/graalvm/js/js/22.3.3/js-22.3.3.jar:/Users/kevin/.m2/repository/org/graalvm/regex/regex/22.3.3/regex-22.3.3.jar:/Users/kevin/.m2/repository/org/graalvm/truffle/truffle-api/22.3.3/truffle-api-22.3.3.jar:/Users/kevin/.m2/repository/com/ibm/icu/icu4j/71.1/icu4j-71.1.jar:/Users/kevin/.m2/repository/org/thymeleaf/thymeleaf/3.0.15.RELEASE/thymeleaf-3.0.15.RELEASE.jar:/Users/kevin/.m2/repository/ognl/ognl/3.1.26/ognl-3.1.26.jar:/Users/kevin/.m2/repository/org/javassist/javassist/3.20.0-GA/javassist-3.20.0-GA.jar:/Users/kevin/.m2/repository/org/attoparser/attoparser/2.0.5.RELEASE/attoparser-2.0.5.RELEASE.jar:/Users/kevin/.m2/repository/org/unbescape/unbescape/1.1.6.RELEASE/unbescape-1.1.6.RELEASE.jar:/Users/kevin/.m2/repository/com/linecorp/armeria/armeria/1.25.2/armeria-1.25.2.jar:/Users/kevin/.m2/repository/io/micrometer/micrometer-core/1.7.12/micrometer-core-1.7.12.jar:/Users/kevin/.m2/repository/org/hdrhistogram/HdrHistogram/2.1.12/HdrHistogram-2.1.12.jar:/Users/kevin/.m2/repository/org/latencyutils/LatencyUtils/2.0.3/LatencyUtils-2.0.3.jar:/Users/kevin/.m2/repository/io/netty/netty-transport/4.1.92.Final/netty-transport-4.1.92.Final.jar:/Users/kevin/.m2/repository/io/netty/netty-common/4.1.92.Final/netty-common-4.1.92.Final.jar:/Users/kevin/.m2/repository/io/netty/netty-buffer/4.1.92.Final/netty-buffer-4.1.92.Final.jar:/Users/kevin/.m2/repository/io/netty/netty-resolver/4.1.92.Final/netty-resolver-4.1.92.Final.jar:/Users/kevin/.m2/repository/io/netty/netty-codec-haproxy/4.1.92.Final/netty-codec-haproxy-4.1.92.Final.jar:/Users/kevin/.m2/repository/io/netty/netty-codec/4.1.92.Final/netty-codec-4.1.92.Final.jar:/Users/kevin/.m2/repository/io/netty/netty-codec-http2/4.1.92.Final/netty-codec-http2-4.1.92.Final.jar:/Users/kevin/.m2/repository/io/netty/netty-handler/4.1.92.Final/netty-handler-4.1.92.Final.jar:/Users/kevin/.m2/repository/io/netty/netty-codec-http/4.1.92.Final/netty-codec-http-4.1.92.Final.jar:/Users/kevin/.m2/repository/io/netty/netty-resolver-dns/4.1.92.Final/netty-resolver-dns-4.1.92.Final.jar:/Users/kevin/.m2/repository/io/netty/netty-codec-dns/4.1.92.Final/netty-codec-dns-4.1.92.Final.jar:/Users/kevin/.m2/repository/org/reactivestreams/reactive-streams/1.0.4/reactive-streams-1.0.4.jar:/Users/kevin/.m2/repository/com/google/code/findbugs/jsr305/3.0.2/jsr305-3.0.2.jar:/Users/kevin/.m2/repository/io/netty/netty-handler-proxy/4.1.92.Final/netty-handler-proxy-4.1.92.Final.jar:/Users/kevin/.m2/repository/io/netty/netty-codec-socks/4.1.92.Final/netty-codec-socks-4.1.92.Final.jar:/Users/kevin/.m2/repository/io/netty/netty-transport-native-unix-common/4.1.92.Final/netty-transport-native-unix-common-4.1.92.Final-linux-x86_64.jar:/Users/kevin/.m2/repository/io/netty/netty-transport-native-epoll/4.1.92.Final/netty-transport-native-epoll-4.1.92.Final-linux-x86_64.jar:/Users/kevin/.m2/repository/io/netty/netty-transport-native-unix-common/4.1.92.Final/netty-transport-native-unix-common-4.1.92.Final.jar:/Users/kevin/.m2/repository/io/netty/netty-transport-classes-epoll/4.1.92.Final/netty-transport-classes-epoll-4.1.92.Final.jar:/Users/kevin/.m2/repository/io/netty/netty-transport-native-unix-common/4.1.92.Final/netty-transport-native-unix-common-4.1.92.Final-linux-aarch_64.jar:/Users/kevin/.m2/repository/io/netty/netty-transport-native-epoll/4.1.92.Final/netty-transport-native-epoll-4.1.92.Final-linux-aarch_64.jar:/Users/kevin/.m2/repository/io/netty/netty-transport-native-unix-common/4.1.92.Final/netty-transport-native-unix-common-4.1.92.Final-osx-x86_64.jar:/Users/kevin/.m2/repository/io/netty/netty-transport-native-kqueue/4.1.92.Final/netty-transport-native-kqueue-4.1.92.Final-osx-x86_64.jar:/Users/kevin/.m2/repository/io/netty/netty-transport-classes-kqueue/4.1.92.Final/netty-transport-classes-kqueue-4.1.92.Final.jar:/Users/kevin/.m2/repository/io/netty/netty-resolver-dns-native-macos/4.1.92.Final/netty-resolver-dns-native-macos-4.1.92.Final-osx-x86_64.jar:/Users/kevin/.m2/repository/io/netty/netty-resolver-dns-classes-macos/4.1.92.Final/netty-resolver-dns-classes-macos-4.1.92.Final.jar:/Users/kevin/.m2/repository/io/netty/netty-transport-native-unix-common/4.1.92.Final/netty-transport-native-unix-common-4.1.92.Final-osx-aarch_64.jar:/Users/kevin/.m2/repository/io/netty/netty-transport-native-kqueue/4.1.92.Final/netty-transport-native-kqueue-4.1.92.Final-osx-aarch_64.jar:/Users/kevin/.m2/repository/io/netty/netty-resolver-dns-native-macos/4.1.92.Final/netty-resolver-dns-native-macos-4.1.92.Final-osx-aarch_64.jar:/Users/kevin/.m2/repository/io/netty/netty-tcnative-boringssl-static/2.0.61.Final/netty-tcnative-boringssl-static-2.0.61.Final-linux-x86_64.jar:/Users/kevin/.m2/repository/io/netty/netty-tcnative-classes/2.0.61.Final/netty-tcnative-classes-2.0.61.Final.jar:/Users/kevin/.m2/repository/io/netty/netty-tcnative-boringssl-static/2.0.61.Final/netty-tcnative-boringssl-static-2.0.61.Final-linux-aarch_64.jar:/Users/kevin/.m2/repository/io/netty/netty-tcnative-boringssl-static/2.0.61.Final/netty-tcnative-boringssl-static-2.0.61.Final-osx-x86_64.jar:/Users/kevin/.m2/repository/io/netty/netty-tcnative-boringssl-static/2.0.61.Final/netty-tcnative-boringssl-static-2.0.61.Final-osx-aarch_64.jar:/Users/kevin/.m2/repository/io/netty/netty-tcnative-boringssl-static/2.0.61.Final/netty-tcnative-boringssl-static-2.0.61.Final-windows-x86_64.jar:/Users/kevin/.m2/repository/com/aayushatharva/brotli4j/brotli4j/1.12.0/brotli4j-1.12.0.jar:/Users/kevin/.m2/repository/com/aayushatharva/brotli4j/service/1.12.0/service-1.12.0.jar:/Users/kevin/.m2/repository/com/aayushatharva/brotli4j/native-osx-aarch64/1.12.0/native-osx-aarch64-1.12.0.jar:/Users/kevin/.m2/repository/ch/qos/logback/logback-classic/1.2.12/logback-classic-1.2.12.jar:/Users/kevin/.m2/repository/ch/qos/logback/logback-core/1.2.12/logback-core-1.2.12.jar:/Users/kevin/.m2/repository/org/slf4j/jcl-over-slf4j/1.7.36/jcl-over-slf4j-1.7.36.jar:/Users/kevin/.m2/repository/org/antlr/antlr4-runtime/4.11.1/antlr4-runtime-4.11.1.jar:/Users/kevin/.m2/repository/de/siegmar/fastcsv/2.2.1/fastcsv-2.2.1.jar:/Users/kevin/.m2/repository/info/picocli/picocli/4.7.1/picocli-4.7.1.jar:/Users/kevin/.m2/repository/io/github/classgraph/classgraph/4.8.160/classgraph-4.8.160.jar:/Users/kevin/.m2/repository/io/github/t12y/resemble/1.0.2/resemble-1.0.2.jar:/Users/kevin/.m2/repository/io/github/t12y/ssim/1.0.0/ssim-1.0.0.jar:/Users/kevin/.m2/repository/org/junit/jupiter/junit-jupiter-api/5.7.2/junit-jupiter-api-5.7.2.jar:/Users/kevin/.m2/repository/org/apiguardian/apiguardian-api/1.1.0/apiguardian-api-1.1.0.jar:/Users/kevin/.m2/repository/org/opentest4j/opentest4j/1.2.0/opentest4j-1.2.0.jar:/Users/kevin/.m2/repository/org/junit/platform/junit-platform-commons/1.7.2/junit-platform-commons-1.7.2.jar:/Users/kevin/.m2/repository/org/junit/jupiter/junit-jupiter-engine/5.7.2/junit-jupiter-engine-5.7.2.jar:/Users/kevin/.m2/repository/org/junit/platform/junit-platform-engine/1.7.2/junit-platform-engine-1.7.2.jar:"/>
    <property name="java.vm.vendor" value="Eclipse Adoptium"/>
    <property name="sun.arch.data.model" value="64"/>
    <property name="java.vendor.url" value="https://adoptium.net/"/>
    <property name="os.name" value="Mac OS X"/>
    <property name="java.vm.specification.version" value="17"/>
    <property name="sun.java.launcher" value="SUN_STANDARD"/>
    <property name="user.country" value="US"/>
    <property name="sun.boot.library.path" value="/Users/kevin/.sdkman/candidates/java/17.0.10-tem/lib"/>
    <property name="sun.java.command" value="/Users/kevin/Documents/Repos/github-copilot-training/apps/angular-springboot/backend/target/surefire/surefirebooter17261600732980368674.jar /Users/kevin/Documents/Repos/github-copilot-training/apps/angular-springboot/backend/target/surefire 2025-07-24T07-44-35_277-jvmRun1 surefire17925185535510764679tmp surefire_0846575476151534921tmp"/>
    <property name="http.nonProxyHosts" value="local|*.local|169.254/16|*.169.254/16"/>
    <property name="jdk.debug" value="release"/>
    <property name="surefire.test.class.path" value="/Users/kevin/Documents/Repos/github-copilot-training/apps/angular-springboot/backend/target/test-classes:/Users/kevin/Documents/Repos/github-copilot-training/apps/angular-springboot/backend/target/classes:/Users/kevin/.m2/repository/org/springframework/boot/spring-boot-starter-web/2.5.15/spring-boot-starter-web-2.5.15.jar:/Users/kevin/.m2/repository/org/springframework/boot/spring-boot-starter/2.5.15/spring-boot-starter-2.5.15.jar:/Users/kevin/.m2/repository/org/springframework/boot/spring-boot-starter-logging/2.5.15/spring-boot-starter-logging-2.5.15.jar:/Users/kevin/.m2/repository/org/apache/logging/log4j/log4j-to-slf4j/2.17.2/log4j-to-slf4j-2.17.2.jar:/Users/kevin/.m2/repository/org/apache/logging/log4j/log4j-api/2.17.2/log4j-api-2.17.2.jar:/Users/kevin/.m2/repository/org/slf4j/jul-to-slf4j/1.7.36/jul-to-slf4j-1.7.36.jar:/Users/kevin/.m2/repository/jakarta/annotation/jakarta.annotation-api/1.3.5/jakarta.annotation-api-1.3.5.jar:/Users/kevin/.m2/repository/org/yaml/snakeyaml/1.28/snakeyaml-1.28.jar:/Users/kevin/.m2/repository/org/springframework/boot/spring-boot-starter-json/2.5.15/spring-boot-starter-json-2.5.15.jar:/Users/kevin/.m2/repository/com/fasterxml/jackson/datatype/jackson-datatype-jdk8/2.12.7/jackson-datatype-jdk8-2.12.7.jar:/Users/kevin/.m2/repository/com/fasterxml/jackson/datatype/jackson-datatype-jsr310/2.12.7/jackson-datatype-jsr310-2.12.7.jar:/Users/kevin/.m2/repository/com/fasterxml/jackson/module/jackson-module-parameter-names/2.12.7/jackson-module-parameter-names-2.12.7.jar:/Users/kevin/.m2/repository/org/springframework/boot/spring-boot-starter-tomcat/2.5.15/spring-boot-starter-tomcat-2.5.15.jar:/Users/kevin/.m2/repository/org/apache/tomcat/embed/tomcat-embed-core/9.0.75/tomcat-embed-core-9.0.75.jar:/Users/kevin/.m2/repository/org/apache/tomcat/embed/tomcat-embed-websocket/9.0.75/tomcat-embed-websocket-9.0.75.jar:/Users/kevin/.m2/repository/org/springframework/spring-web/5.3.27/spring-web-5.3.27.jar:/Users/kevin/.m2/repository/org/springframework/spring-beans/5.3.27/spring-beans-5.3.27.jar:/Users/kevin/.m2/repository/org/springframework/spring-webmvc/5.3.27/spring-webmvc-5.3.27.jar:/Users/kevin/.m2/repository/org/springframework/spring-aop/5.3.27/spring-aop-5.3.27.jar:/Users/kevin/.m2/repository/org/springframework/spring-context/5.3.27/spring-context-5.3.27.jar:/Users/kevin/.m2/repository/org/springframework/spring-expression/5.3.27/spring-expression-5.3.27.jar:/Users/kevin/.m2/repository/org/springframework/boot/spring-boot-starter-validation/2.5.15/spring-boot-starter-validation-2.5.15.jar:/Users/kevin/.m2/repository/org/apache/tomcat/embed/tomcat-embed-el/9.0.75/tomcat-embed-el-9.0.75.jar:/Users/kevin/.m2/repository/org/hibernate/validator/hibernate-validator/6.2.5.Final/hibernate-validator-6.2.5.Final.jar:/Users/kevin/.m2/repository/jakarta/validation/jakarta.validation-api/2.0.2/jakarta.validation-api-2.0.2.jar:/Users/kevin/.m2/repository/org/jboss/logging/jboss-logging/3.4.3.Final/jboss-logging-3.4.3.Final.jar:/Users/kevin/.m2/repository/com/fasterxml/classmate/1.5.1/classmate-1.5.1.jar:/Users/kevin/.m2/repository/com/fasterxml/jackson/core/jackson-databind/2.12.7.1/jackson-databind-2.12.7.1.jar:/Users/kevin/.m2/repository/com/fasterxml/jackson/core/jackson-annotations/2.12.7/jackson-annotations-2.12.7.jar:/Users/kevin/.m2/repository/com/fasterxml/jackson/core/jackson-core/2.12.7/jackson-core-2.12.7.jar:/Users/kevin/.m2/repository/org/springframework/boot/spring-boot-starter-test/2.5.15/spring-boot-starter-test-2.5.15.jar:/Users/kevin/.m2/repository/org/springframework/boot/spring-boot-test/2.5.15/spring-boot-test-2.5.15.jar:/Users/kevin/.m2/repository/org/springframework/boot/spring-boot-test-autoconfigure/2.5.15/spring-boot-test-autoconfigure-2.5.15.jar:/Users/kevin/.m2/repository/com/jayway/jsonpath/json-path/2.5.0/json-path-2.5.0.jar:/Users/kevin/.m2/repository/net/minidev/json-smart/2.4.10/json-smart-2.4.10.jar:/Users/kevin/.m2/repository/net/minidev/accessors-smart/2.4.9/accessors-smart-2.4.9.jar:/Users/kevin/.m2/repository/org/ow2/asm/asm/9.3/asm-9.3.jar:/Users/kevin/.m2/repository/org/slf4j/slf4j-api/1.7.36/slf4j-api-1.7.36.jar:/Users/kevin/.m2/repository/jakarta/xml/bind/jakarta.xml.bind-api/2.3.3/jakarta.xml.bind-api-2.3.3.jar:/Users/kevin/.m2/repository/jakarta/activation/jakarta.activation-api/1.2.2/jakarta.activation-api-1.2.2.jar:/Users/kevin/.m2/repository/org/assertj/assertj-core/3.19.0/assertj-core-3.19.0.jar:/Users/kevin/.m2/repository/org/hamcrest/hamcrest/2.2/hamcrest-2.2.jar:/Users/kevin/.m2/repository/org/junit/jupiter/junit-jupiter/5.7.2/junit-jupiter-5.7.2.jar:/Users/kevin/.m2/repository/org/junit/jupiter/junit-jupiter-params/5.7.2/junit-jupiter-params-5.7.2.jar:/Users/kevin/.m2/repository/org/mockito/mockito-core/3.9.0/mockito-core-3.9.0.jar:/Users/kevin/.m2/repository/net/bytebuddy/byte-buddy/1.10.22/byte-buddy-1.10.22.jar:/Users/kevin/.m2/repository/net/bytebuddy/byte-buddy-agent/1.10.22/byte-buddy-agent-1.10.22.jar:/Users/kevin/.m2/repository/org/objenesis/objenesis/3.2/objenesis-3.2.jar:/Users/kevin/.m2/repository/org/mockito/mockito-junit-jupiter/3.9.0/mockito-junit-jupiter-3.9.0.jar:/Users/kevin/.m2/repository/org/skyscreamer/jsonassert/1.5.1/jsonassert-1.5.1.jar:/Users/kevin/.m2/repository/com/vaadin/external/google/android-json/0.0.20131108.vaadin1/android-json-0.0.20131108.vaadin1.jar:/Users/kevin/.m2/repository/org/springframework/spring-core/5.3.27/spring-core-5.3.27.jar:/Users/kevin/.m2/repository/org/springframework/spring-jcl/5.3.27/spring-jcl-5.3.27.jar:/Users/kevin/.m2/repository/org/springframework/spring-test/5.3.27/spring-test-5.3.27.jar:/Users/kevin/.m2/repository/org/xmlunit/xmlunit-core/2.8.4/xmlunit-core-2.8.4.jar:/Users/kevin/.m2/repository/org/springdoc/springdoc-openapi-ui/1.7.0/springdoc-openapi-ui-1.7.0.jar:/Users/kevin/.m2/repository/org/springdoc/springdoc-openapi-webmvc-core/1.7.0/springdoc-openapi-webmvc-core-1.7.0.jar:/Users/kevin/.m2/repository/org/springdoc/springdoc-openapi-common/1.7.0/springdoc-openapi-common-1.7.0.jar:/Users/kevin/.m2/repository/io/swagger/core/v3/swagger-core/2.2.9/swagger-core-2.2.9.jar:/Users/kevin/.m2/repository/com/fasterxml/jackson/dataformat/jackson-dataformat-yaml/2.12.7/jackson-dataformat-yaml-2.12.7.jar:/Users/kevin/.m2/repository/io/swagger/core/v3/swagger-annotations/2.2.9/swagger-annotations-2.2.9.jar:/Users/kevin/.m2/repository/io/swagger/core/v3/swagger-models/2.2.9/swagger-models-2.2.9.jar:/Users/kevin/.m2/repository/org/webjars/swagger-ui/4.18.2/swagger-ui-4.18.2.jar:/Users/kevin/.m2/repository/org/springframework/boot/spring-boot-devtools/2.5.15/spring-boot-devtools-2.5.15.jar:/Users/kevin/.m2/repository/org/springframework/boot/spring-boot/2.5.15/spring-boot-2.5.15.jar:/Users/kevin/.m2/repository/org/springframework/boot/spring-boot-autoconfigure/2.5.15/spring-boot-autoconfigure-2.5.15.jar:/Users/kevin/.m2/repository/io/rest-assured/rest-assured/4.5.1/rest-assured-4.5.1.jar:/Users/kevin/.m2/repository/org/codehaus/groovy/groovy/3.0.17/groovy-3.0.17.jar:/Users/kevin/.m2/repository/org/codehaus/groovy/groovy-xml/3.0.17/groovy-xml-3.0.17.jar:/Users/kevin/.m2/repository/org/apache/httpcomponents/httpclient/4.5.14/httpclient-4.5.14.jar:/Users/kevin/.m2/repository/org/apache/httpcomponents/httpcore/4.4.16/httpcore-4.4.16.jar:/Users/kevin/.m2/repository/commons-codec/commons-codec/1.15/commons-codec-1.15.jar:/Users/kevin/.m2/repository/org/apache/httpcomponents/httpmime/4.5.14/httpmime-4.5.14.jar:/Users/kevin/.m2/repository/org/ccil/cowan/tagsoup/tagsoup/1.2.1/tagsoup-1.2.1.jar:/Users/kevin/.m2/repository/io/rest-assured/json-path/4.3.3/json-path-4.3.3.jar:/Users/kevin/.m2/repository/org/codehaus/groovy/groovy-json/3.0.17/groovy-json-3.0.17.jar:/Users/kevin/.m2/repository/io/rest-assured/rest-assured-common/4.3.3/rest-assured-common-4.3.3.jar:/Users/kevin/.m2/repository/io/rest-assured/xml-path/4.3.3/xml-path-4.3.3.jar:/Users/kevin/.m2/repository/org/apache/commons/commons-lang3/3.12.0/commons-lang3-3.12.0.jar:/Users/kevin/.m2/repository/com/sun/xml/bind/jaxb-impl/2.3.3/jaxb-impl-2.3.3.jar:/Users/kevin/.m2/repository/com/intuit/karate/karate-junit5/1.4.1/karate-junit5-1.4.1.jar:/Users/kevin/.m2/repository/com/intuit/karate/karate-core/1.4.1/karate-core-1.4.1.jar:/Users/kevin/.m2/repository/org/graalvm/js/js-scriptengine/22.3.3/js-scriptengine-22.3.3.jar:/Users/kevin/.m2/repository/org/graalvm/sdk/graal-sdk/22.3.3/graal-sdk-22.3.3.jar:/Users/kevin/.m2/repository/org/graalvm/js/js/22.3.3/js-22.3.3.jar:/Users/kevin/.m2/repository/org/graalvm/regex/regex/22.3.3/regex-22.3.3.jar:/Users/kevin/.m2/repository/org/graalvm/truffle/truffle-api/22.3.3/truffle-api-22.3.3.jar:/Users/kevin/.m2/repository/com/ibm/icu/icu4j/71.1/icu4j-71.1.jar:/Users/kevin/.m2/repository/org/thymeleaf/thymeleaf/3.0.15.RELEASE/thymeleaf-3.0.15.RELEASE.jar:/Users/kevin/.m2/repository/ognl/ognl/3.1.26/ognl-3.1.26.jar:/Users/kevin/.m2/repository/org/javassist/javassist/3.20.0-GA/javassist-3.20.0-GA.jar:/Users/kevin/.m2/repository/org/attoparser/attoparser/2.0.5.RELEASE/attoparser-2.0.5.RELEASE.jar:/Users/kevin/.m2/repository/org/unbescape/unbescape/1.1.6.RELEASE/unbescape-1.1.6.RELEASE.jar:/Users/kevin/.m2/repository/com/linecorp/armeria/armeria/1.25.2/armeria-1.25.2.jar:/Users/kevin/.m2/repository/io/micrometer/micrometer-core/1.7.12/micrometer-core-1.7.12.jar:/Users/kevin/.m2/repository/org/hdrhistogram/HdrHistogram/2.1.12/HdrHistogram-2.1.12.jar:/Users/kevin/.m2/repository/org/latencyutils/LatencyUtils/2.0.3/LatencyUtils-2.0.3.jar:/Users/kevin/.m2/repository/io/netty/netty-transport/4.1.92.Final/netty-transport-4.1.92.Final.jar:/Users/kevin/.m2/repository/io/netty/netty-common/4.1.92.Final/netty-common-4.1.92.Final.jar:/Users/kevin/.m2/repository/io/netty/netty-buffer/4.1.92.Final/netty-buffer-4.1.92.Final.jar:/Users/kevin/.m2/repository/io/netty/netty-resolver/4.1.92.Final/netty-resolver-4.1.92.Final.jar:/Users/kevin/.m2/repository/io/netty/netty-codec-haproxy/4.1.92.Final/netty-codec-haproxy-4.1.92.Final.jar:/Users/kevin/.m2/repository/io/netty/netty-codec/4.1.92.Final/netty-codec-4.1.92.Final.jar:/Users/kevin/.m2/repository/io/netty/netty-codec-http2/4.1.92.Final/netty-codec-http2-4.1.92.Final.jar:/Users/kevin/.m2/repository/io/netty/netty-handler/4.1.92.Final/netty-handler-4.1.92.Final.jar:/Users/kevin/.m2/repository/io/netty/netty-codec-http/4.1.92.Final/netty-codec-http-4.1.92.Final.jar:/Users/kevin/.m2/repository/io/netty/netty-resolver-dns/4.1.92.Final/netty-resolver-dns-4.1.92.Final.jar:/Users/kevin/.m2/repository/io/netty/netty-codec-dns/4.1.92.Final/netty-codec-dns-4.1.92.Final.jar:/Users/kevin/.m2/repository/org/reactivestreams/reactive-streams/1.0.4/reactive-streams-1.0.4.jar:/Users/kevin/.m2/repository/com/google/code/findbugs/jsr305/3.0.2/jsr305-3.0.2.jar:/Users/kevin/.m2/repository/io/netty/netty-handler-proxy/4.1.92.Final/netty-handler-proxy-4.1.92.Final.jar:/Users/kevin/.m2/repository/io/netty/netty-codec-socks/4.1.92.Final/netty-codec-socks-4.1.92.Final.jar:/Users/kevin/.m2/repository/io/netty/netty-transport-native-unix-common/4.1.92.Final/netty-transport-native-unix-common-4.1.92.Final-linux-x86_64.jar:/Users/kevin/.m2/repository/io/netty/netty-transport-native-epoll/4.1.92.Final/netty-transport-native-epoll-4.1.92.Final-linux-x86_64.jar:/Users/kevin/.m2/repository/io/netty/netty-transport-native-unix-common/4.1.92.Final/netty-transport-native-unix-common-4.1.92.Final.jar:/Users/kevin/.m2/repository/io/netty/netty-transport-classes-epoll/4.1.92.Final/netty-transport-classes-epoll-4.1.92.Final.jar:/Users/kevin/.m2/repository/io/netty/netty-transport-native-unix-common/4.1.92.Final/netty-transport-native-unix-common-4.1.92.Final-linux-aarch_64.jar:/Users/kevin/.m2/repository/io/netty/netty-transport-native-epoll/4.1.92.Final/netty-transport-native-epoll-4.1.92.Final-linux-aarch_64.jar:/Users/kevin/.m2/repository/io/netty/netty-transport-native-unix-common/4.1.92.Final/netty-transport-native-unix-common-4.1.92.Final-osx-x86_64.jar:/Users/kevin/.m2/repository/io/netty/netty-transport-native-kqueue/4.1.92.Final/netty-transport-native-kqueue-4.1.92.Final-osx-x86_64.jar:/Users/kevin/.m2/repository/io/netty/netty-transport-classes-kqueue/4.1.92.Final/netty-transport-classes-kqueue-4.1.92.Final.jar:/Users/kevin/.m2/repository/io/netty/netty-resolver-dns-native-macos/4.1.92.Final/netty-resolver-dns-native-macos-4.1.92.Final-osx-x86_64.jar:/Users/kevin/.m2/repository/io/netty/netty-resolver-dns-classes-macos/4.1.92.Final/netty-resolver-dns-classes-macos-4.1.92.Final.jar:/Users/kevin/.m2/repository/io/netty/netty-transport-native-unix-common/4.1.92.Final/netty-transport-native-unix-common-4.1.92.Final-osx-aarch_64.jar:/Users/kevin/.m2/repository/io/netty/netty-transport-native-kqueue/4.1.92.Final/netty-transport-native-kqueue-4.1.92.Final-osx-aarch_64.jar:/Users/kevin/.m2/repository/io/netty/netty-resolver-dns-native-macos/4.1.92.Final/netty-resolver-dns-native-macos-4.1.92.Final-osx-aarch_64.jar:/Users/kevin/.m2/repository/io/netty/netty-tcnative-boringssl-static/2.0.61.Final/netty-tcnative-boringssl-static-2.0.61.Final-linux-x86_64.jar:/Users/kevin/.m2/repository/io/netty/netty-tcnative-classes/2.0.61.Final/netty-tcnative-classes-2.0.61.Final.jar:/Users/kevin/.m2/repository/io/netty/netty-tcnative-boringssl-static/2.0.61.Final/netty-tcnative-boringssl-static-2.0.61.Final-linux-aarch_64.jar:/Users/kevin/.m2/repository/io/netty/netty-tcnative-boringssl-static/2.0.61.Final/netty-tcnative-boringssl-static-2.0.61.Final-osx-x86_64.jar:/Users/kevin/.m2/repository/io/netty/netty-tcnative-boringssl-static/2.0.61.Final/netty-tcnative-boringssl-static-2.0.61.Final-osx-aarch_64.jar:/Users/kevin/.m2/repository/io/netty/netty-tcnative-boringssl-static/2.0.61.Final/netty-tcnative-boringssl-static-2.0.61.Final-windows-x86_64.jar:/Users/kevin/.m2/repository/com/aayushatharva/brotli4j/brotli4j/1.12.0/brotli4j-1.12.0.jar:/Users/kevin/.m2/repository/com/aayushatharva/brotli4j/service/1.12.0/service-1.12.0.jar:/Users/kevin/.m2/repository/com/aayushatharva/brotli4j/native-osx-aarch64/1.12.0/native-osx-aarch64-1.12.0.jar:/Users/kevin/.m2/repository/ch/qos/logback/logback-classic/1.2.12/logback-classic-1.2.12.jar:/Users/kevin/.m2/repository/ch/qos/logback/logback-core/1.2.12/logback-core-1.2.12.jar:/Users/kevin/.m2/repository/org/slf4j/jcl-over-slf4j/1.7.36/jcl-over-slf4j-1.7.36.jar:/Users/kevin/.m2/repository/org/antlr/antlr4-runtime/4.11.1/antlr4-runtime-4.11.1.jar:/Users/kevin/.m2/repository/de/siegmar/fastcsv/2.2.1/fastcsv-2.2.1.jar:/Users/kevin/.m2/repository/info/picocli/picocli/4.7.1/picocli-4.7.1.jar:/Users/kevin/.m2/repository/io/github/classgraph/classgraph/4.8.160/classgraph-4.8.160.jar:/Users/kevin/.m2/repository/io/github/t12y/resemble/1.0.2/resemble-1.0.2.jar:/Users/kevin/.m2/repository/io/github/t12y/ssim/1.0.0/ssim-1.0.0.jar:/Users/kevin/.m2/repository/org/junit/jupiter/junit-jupiter-api/5.7.2/junit-jupiter-api-5.7.2.jar:/Users/kevin/.m2/repository/org/apiguardian/apiguardian-api/1.1.0/apiguardian-api-1.1.0.jar:/Users/kevin/.m2/repository/org/opentest4j/opentest4j/1.2.0/opentest4j-1.2.0.jar:/Users/kevin/.m2/repository/org/junit/platform/junit-platform-commons/1.7.2/junit-platform-commons-1.7.2.jar:/Users/kevin/.m2/repository/org/junit/jupiter/junit-jupiter-engine/5.7.2/junit-jupiter-engine-5.7.2.jar:/Users/kevin/.m2/repository/org/junit/platform/junit-platform-engine/1.7.2/junit-platform-engine-1.7.2.jar:"/>
    <property name="sun.cpu.endian" value="little"/>
    <property name="user.home" value="/Users/kevin"/>
    <property name="user.language" value="en"/>
    <property name="java.specification.vendor" value="Oracle Corporation"/>
    <property name="java.version.date" value="2024-01-16"/>
    <property name="java.home" value="/Users/kevin/.sdkman/candidates/java/17.0.10-tem"/>
    <property name="file.separator" value="/"/>
    <property name="basedir" value="/Users/kevin/Documents/Repos/github-copilot-training/apps/angular-springboot/backend"/>
    <property name="java.vm.compressedOopsMode" value="Zero based"/>
    <property name="line.separator" value="&#10;"/>
    <property name="java.specification.name" value="Java Platform API Specification"/>
    <property name="java.vm.specification.vendor" value="Oracle Corporation"/>
    <property name="surefire.real.class.path" value="/Users/kevin/Documents/Repos/github-copilot-training/apps/angular-springboot/backend/target/surefire/surefirebooter17261600732980368674.jar"/>
    <property name="sun.management.compiler" value="HotSpot 64-Bit Tiered Compilers"/>
    <property name="ftp.nonProxyHosts" value="local|*.local|169.254/16|*.169.254/16"/>
    <property name="java.runtime.version" value="17.0.10+7"/>
    <property name="user.name" value="kevin"/>
    <property name="path.separator" value=":"/>
    <property name="os.version" value="15.4.1"/>
    <property name="java.runtime.name" value="OpenJDK Runtime Environment"/>
    <property name="file.encoding" value="UTF-8"/>
    <property name="java.vm.name" value="OpenJDK 64-Bit Server VM"/>
    <property name="java.vendor.version" value="Temurin-17.0.10+7"/>
    <property name="localRepository" value="/Users/kevin/.m2/repository"/>
    <property name="java.vendor.url.bug" value="https://github.com/adoptium/adoptium-support/issues"/>
    <property name="java.io.tmpdir" value="/var/folders/k4/2jykmg0d45j03ryxznfgvfm40000gn/T/"/>
    <property name="java.version" value="17.0.10"/>
    <property name="user.dir" value="/Users/kevin/Documents/Repos/github-copilot-training/apps/angular-springboot/backend"/>
    <property name="os.arch" value="aarch64"/>
    <property name="java.vm.specification.name" value="Java Virtual Machine Specification"/>
    <property name="native.encoding" value="UTF-8"/>
    <property name="java.library.path" value="/Users/kevin/Library/Java/Extensions:/Library/Java/Extensions:/Network/Library/Java/Extensions:/System/Library/Java/Extensions:/usr/lib/java:."/>
    <property name="java.vm.info" value="mixed mode"/>
    <property name="java.vendor" value="Eclipse Adoptium"/>
    <property name="java.vm.version" value="17.0.10+7"/>
    <property name="sun.io.unicode.encoding" value="UnicodeBig"/>
    <property name="socksNonProxyHosts" value="local|*.local|169.254/16|*.169.254/16"/>
    <property name="java.class.version" value="61.0"/>
  </properties>
  <testcase name="contextLoads" classname="com.example.weatherapp.e2e.WeatherApiE2EETest" time="0.062"/>
</testsuite>